<?xml version="1.0" encoding="UTF-8"?>
<!-- Generated by org.testng.reporters.JUnitXMLReporter -->
<testsuite ignored="0" hostname="LAPTOP-8MDTO84L" failures="0" tests="2" name="browser3" time="9.456" errors="0" timestamp="2024-09-25T10:16:01 IST">
  <testcase classname="testCases.TC_001_AccountRegistraionTest" name="verify_account_registation" time="0.0">
    <skipped/>
  </testcase> <!-- verify_account_registation -->
  <testcase classname="testCases.TC_002_LoginTest" name="verify_account_Login" time="0.001">
    <skipped/>
  </testcase> <!-- verify_account_Login -->
</testsuite> <!-- browser3 -->
