<?xml version="1.0" encoding="UTF-8"?>
<!-- Generated by org.testng.reporters.JUnitXMLReporter -->
<testsuite ignored="0" hostname="LAPTOP-8MDTO84L" failures="1" tests="1" name="Test(failed)" time="7.866" errors="0" timestamp="2024-09-25T12:51:00 IST">
  <testcase classname="testCases.TC_003_LoginDDT" name="verify_loginDDT" time="0.0">
    <failure type="java.lang.RuntimeException" message="java.io.FileNotFoundException: .\testData\Opencart_LoginData.xlsx (The system cannot find the file specified)">
      <![CDATA[java.lang.RuntimeException: java.io.FileNotFoundException: .\testData\Opencart_LoginData.xlsx (The system cannot find the file specified)
at java.base/java.util.ArrayList.forEach(ArrayList.java:1511)
Caused by: java.io.FileNotFoundException: .\testData\Opencart_LoginData.xlsx (The system cannot find the file specified)
at java.base/java.io.FileInputStream.open0(Native Method)
at java.base/java.io.FileInputStream.open(FileInputStream.java:219)
at java.base/java.io.FileInputStream.<init>(FileInputStream.java:158)
at java.base/java.io.FileInputStream.<init>(FileInputStream.java:112)
at utilities.ExcelUtility.getRowCount(ExcelUtility.java:36)
at utilities.DataProviders.getData(DataProviders.java:18)
... 25 more
... Removed 30 stack frames]]>
    </failure>
  </testcase> <!-- verify_loginDDT -->
</testsuite> <!-- Test(failed) -->
