<?xml version="1.0" encoding="UTF-8"?>
<testng-results ignored="0" total="2" passed="2" failed="0" skipped="0">
  <reporter-output>
  </reporter-output>
  <suite started-at="2024-09-26T09:36:06 IST" name="Suite" finished-at="2024-09-26T09:36:24 IST" duration-ms="18150">
    <groups>
      <group name="Master">
        <method signature="TC_001_AccountRegistraionTest.verify_account_registation()[pri:0, instance:testCases.TC_001_AccountRegistraionTest@71e9ddb4]" name="verify_account_registation" class="testCases.TC_001_AccountRegistraionTest"/>
        <method signature="TC_002_LoginTest.verify_account_Login()[pri:0, instance:testCases.TC_002_LoginTest@5aebe890]" name="verify_account_Login" class="testCases.TC_002_LoginTest"/>
      </group> <!-- Master -->
      <group name="Regression">
        <method signature="TC_001_AccountRegistraionTest.verify_account_registation()[pri:0, instance:testCases.TC_001_AccountRegistraionTest@71e9ddb4]" name="verify_account_registation" class="testCases.TC_001_AccountRegistraionTest"/>
        <method signature="TC_002_LoginTest.verify_account_Login()[pri:0, instance:testCases.TC_002_LoginTest@5aebe890]" name="verify_account_Login" class="testCases.TC_002_LoginTest"/>
      </group> <!-- Regression -->
      <group name="sanity">
        <method signature="TC_002_LoginTest.verify_account_Login()[pri:0, instance:testCases.TC_002_LoginTest@5aebe890]" name="verify_account_Login" class="testCases.TC_002_LoginTest"/>
      </group> <!-- sanity -->
    </groups>
    <test started-at="2024-09-26T09:36:06 IST" name="Test" finished-at="2024-09-26T09:36:24 IST" duration-ms="18150">
      <class name="testCases.TC_002_LoginTest">
        <test-method is-config="true" signature="setup(java.lang.String,java.lang.String)[pri:0, instance:testCases.TC_002_LoginTest@5aebe890]" started-at="2024-09-26T09:36:18 IST" name="setup" finished-at="2024-09-26T09:36:23 IST" duration-ms="5322" status="PASS">
          <params>
            <param index="0">
              <value>
                <![CDATA[Windows]]>
              </value>
            </param>
            <param index="1">
              <value>
                <![CDATA[chrome]]>
              </value>
            </param>
          </params>
          <reporter-output>
          </reporter-output>
        </test-method> <!-- setup -->
        <test-method signature="verify_account_Login()[pri:0, instance:testCases.TC_002_LoginTest@5aebe890]" started-at="2024-09-26T09:36:23 IST" name="verify_account_Login" finished-at="2024-09-26T09:36:24 IST" duration-ms="1091" status="PASS">
          <reporter-output>
          </reporter-output>
        </test-method> <!-- verify_account_Login -->
        <test-method is-config="true" signature="tearDown()[pri:0, instance:testCases.TC_002_LoginTest@5aebe890]" started-at="2024-09-26T09:36:24 IST" name="tearDown" finished-at="2024-09-26T09:36:24 IST" duration-ms="134" status="PASS">
          <reporter-output>
          </reporter-output>
        </test-method> <!-- tearDown -->
      </class> <!-- testCases.TC_002_LoginTest -->
      <class name="testCases.TC_001_AccountRegistraionTest">
        <test-method is-config="true" signature="setup(java.lang.String,java.lang.String)[pri:0, instance:testCases.TC_001_AccountRegistraionTest@71e9ddb4]" started-at="2024-09-26T09:36:06 IST" name="setup" finished-at="2024-09-26T09:36:16 IST" duration-ms="9427" status="PASS">
          <params>
            <param index="0">
              <value>
                <![CDATA[Windows]]>
              </value>
            </param>
            <param index="1">
              <value>
                <![CDATA[chrome]]>
              </value>
            </param>
          </params>
          <reporter-output>
          </reporter-output>
        </test-method> <!-- setup -->
        <test-method signature="verify_account_registation()[pri:0, instance:testCases.TC_001_AccountRegistraionTest@71e9ddb4]" started-at="2024-09-26T09:36:16 IST" name="verify_account_registation" finished-at="2024-09-26T09:36:17 IST" duration-ms="1919" status="PASS">
          <reporter-output>
          </reporter-output>
        </test-method> <!-- verify_account_registation -->
        <test-method is-config="true" signature="tearDown()[pri:0, instance:testCases.TC_001_AccountRegistraionTest@71e9ddb4]" started-at="2024-09-26T09:36:17 IST" name="tearDown" finished-at="2024-09-26T09:36:18 IST" duration-ms="136" status="PASS">
          <reporter-output>
          </reporter-output>
        </test-method> <!-- tearDown -->
      </class> <!-- testCases.TC_001_AccountRegistraionTest -->
    </test> <!-- Test -->
  </suite> <!-- Suite -->
</testng-results>
